<?xml version="1.0" encoding="UTF-8"?>
<testsuite xmlns:xsi="http://www.w3.org/2001/XMLSchema-instance" xsi:noNamespaceSchemaLocation="https://maven.apache.org/surefire/maven-surefire-plugin/xsd/surefire-test-report-3.0.xsd" version="3.0" name="com.nnk.springboot.unit.UserTest" time="1.577" tests="10" errors="0" skipped="0" failures="0">
  <properties>
[...]
</properties>
  <testcase name="userUpdateValidatorErrorTest" classname="com.nnk.springboot.unit.UserTest" time="0.124">
    <system-out><![CDATA[2024-02-14T10:59:53.973+01:00  INFO 61227 --- [           main] t.c.s.AnnotationConfigContextLoaderUtils : Could not detect default configuration classes for test class [com.nnk.springboot.unit.UserTest]: UserTest does not declare any static, non-private, non-final, nested classes annotated with @Configuration.
2024-02-14T10:59:53.975+01:00  INFO 61227 --- [           main] .b.t.c.SpringBootTestContextBootstrapper : Found @SpringBootConfiguration com.nnk.springboot.Application for test class com.nnk.springboot.unit.UserTest
2024-02-14T10:59:53.978+01:00  INFO 61227 --- [           main] o.s.b.d.r.RestartApplicationListener     : Restart disabled due to context in which it is running

  .   ____          _            __ _ _
 /\\ / ___'_ __ _ _(_)_ __  __ _ \ \ \ \
( ( )\___ | '_ | '_| | '_ \/ _` | \ \ \ \
 \\/  ___)| |_)| | | | | || (_| |  ) ) ) )
  '  |____| .__|_| |_|_| |_\__, | / / / /
 =========|_|==============|___/=/_/_/_/
 :: Spring Boot ::                (v3.2.1)

2024-02-14T10:59:53.994+01:00  INFO 61227 --- [           main] com.nnk.springboot.unit.UserTest         : Starting UserTest using Java 21.0.1 with PID 61227 (started by alexandrekerestes in /home/alexandrekerestes/Documents/mission_7/JavaDA_PROJECT7_RESTAPI_OCR/Poseiden-skeleton)
2024-02-14T10:59:53.994+01:00  INFO 61227 --- [           main] com.nnk.springboot.unit.UserTest         : The following 1 profile is active: "test"
2024-02-14T10:59:54.123+01:00  INFO 61227 --- [           main] .s.d.r.c.RepositoryConfigurationDelegate : Bootstrapping Spring Data JPA repositories in DEFAULT mode.
2024-02-14T10:59:54.132+01:00  INFO 61227 --- [           main] .s.d.r.c.RepositoryConfigurationDelegate : Finished Spring Data repository scanning in 8 ms. Found 6 JPA repository interfaces.
2024-02-14T10:59:54.306+01:00  INFO 61227 --- [           main] o.hibernate.jpa.internal.util.LogHelper  : HHH000204: Processing PersistenceUnitInfo [name: default]
2024-02-14T10:59:54.308+01:00  INFO 61227 --- [           main] o.h.c.internal.RegionFactoryInitiator    : HHH000026: Second-level cache disabled
2024-02-14T10:59:54.311+01:00  INFO 61227 --- [           main] o.s.o.j.p.SpringPersistenceUnitInfo      : No LoadTimeWeaver setup: ignoring JPA class transformer
2024-02-14T10:59:54.312+01:00  INFO 61227 --- [           main] com.zaxxer.hikari.HikariDataSource       : HikariPool-3 - Starting...
2024-02-14T10:59:54.323+01:00  INFO 61227 --- [           main] com.zaxxer.hikari.pool.HikariPool        : HikariPool-3 - Added connection com.mysql.cj.jdbc.ConnectionImpl@3ddfe20d
2024-02-14T10:59:54.323+01:00  INFO 61227 --- [           main] com.zaxxer.hikari.HikariDataSource       : HikariPool-3 - Start completed.
2024-02-14T10:59:54.481+01:00  INFO 61227 --- [           main] o.h.e.t.j.p.i.JtaPlatformInitiator       : HHH000489: No JTA platform available (set 'hibernate.transaction.jta.platform' to enable JTA platform integration)
Hibernate: drop table if exists bid_list
Hibernate: drop table if exists curve_point
Hibernate: drop table if exists rating
Hibernate: drop table if exists rule_name
Hibernate: drop table if exists trade
Hibernate: drop table if exists users
Hibernate: create table bid_list (ask float(53), ask_quantity float(53), bid float(53), bid_quantity float(53) not null, id integer not null auto_increment, bid_list_date datetime(6), creation_date datetime(6), revision_date datetime(6), account varchar(255), benchmark varchar(255), book varchar(255), commentary varchar(255), creation_name varchar(255), deal_name varchar(255), deal_type varchar(255), revision_name varchar(255), security varchar(255), side varchar(255), source_list_id varchar(255), status varchar(255), trader varchar(255), type varchar(255), primary key (id)) engine=InnoDB
Hibernate: create table curve_point (curve_id integer, id integer not null auto_increment, term float(53) not null, value float(53) not null, as_of_date datetime(6), creation_date datetime(6), primary key (id)) engine=InnoDB
Hibernate: create table rating (id integer not null auto_increment, order_number integer not null check (order_number>=1), fitch_rating varchar(255), moodys_rating varchar(255), sand_p_rating varchar(255), primary key (id)) engine=InnoDB
Hibernate: create table rule_name (id integer not null auto_increment, description varchar(255), json varchar(255), name varchar(255), sql_part varchar(255), sql_str varchar(255), template varchar(255), primary key (id)) engine=InnoDB
Hibernate: create table trade (buy_price float(53), buy_quantity float(53) not null, sell_price float(53), sell_quantity float(53), trade_id integer not null auto_increment, creation_date datetime(6), revision_date datetime(6), trade_date datetime(6), account varchar(255), benchmark varchar(255), book varchar(255), creation_name varchar(255), deal_name varchar(255), deal_type varchar(255), revision_name varchar(255), security varchar(255), side varchar(255), source_list_id varchar(255), status varchar(255), trader varchar(255), type varchar(255), primary key (trade_id)) engine=InnoDB
Hibernate: create table users (id integer not null auto_increment, fullname varchar(255), password varchar(255), role varchar(255), username varchar(255), primary key (id)) engine=InnoDB
2024-02-14T10:59:54.915+01:00  INFO 61227 --- [           main] j.LocalContainerEntityManagerFactoryBean : Initialized JPA EntityManagerFactory for persistence unit 'default'
2024-02-14T10:59:55.041+01:00  WARN 61227 --- [           main] JpaBaseConfiguration$JpaWebConfiguration : spring.jpa.open-in-view is enabled by default. Therefore, database queries may be performed during view rendering. Explicitly configure spring.jpa.open-in-view to disable this warning
2024-02-14T10:59:55.138+01:00  INFO 61227 --- [           main] o.s.s.web.DefaultSecurityFilterChain     : Will secure any request with [org.springframework.security.web.session.DisableEncodeUrlFilter@1dabe2d4, org.springframework.security.web.context.request.async.WebAsyncManagerIntegrationFilter@526607ec, org.springframework.security.web.context.SecurityContextHolderFilter@15b9ddba, org.springframework.security.web.header.HeaderWriterFilter@67f21aa5, org.springframework.web.filter.CorsFilter@7f35ed9e, org.springframework.security.web.authentication.logout.LogoutFilter@6bae99a9, org.springframework.security.web.authentication.UsernamePasswordAuthenticationFilter@44147543, org.springframework.security.web.authentication.ui.DefaultLoginPageGeneratingFilter@546b593c, org.springframework.security.web.authentication.ui.DefaultLogoutPageGeneratingFilter@186c2156, org.springframework.security.web.savedrequest.RequestCacheAwareFilter@2e0944ff, org.springframework.security.web.servletapi.SecurityContextHolderAwareRequestFilter@59d944a9, org.springframework.security.web.authentication.AnonymousAuthenticationFilter@5a93ddcd, org.springframework.security.web.session.SessionManagementFilter@31379107, org.springframework.security.web.access.ExceptionTranslationFilter@5f0c90f2, org.springframework.security.web.access.intercept.FilterSecurityInterceptor@312d196c]
2024-02-14T10:59:55.212+01:00  INFO 61227 --- [           main] o.s.b.t.m.w.SpringBootMockServletContext : Initializing Spring TestDispatcherServlet ''
2024-02-14T10:59:55.212+01:00  INFO 61227 --- [           main] o.s.t.web.servlet.TestDispatcherServlet  : Initializing Servlet ''
2024-02-14T10:59:55.213+01:00  INFO 61227 --- [           main] o.s.t.web.servlet.TestDispatcherServlet  : Completed initialization in 1 ms
2024-02-14T10:59:55.219+01:00  INFO 61227 --- [           main] com.nnk.springboot.unit.UserTest         : Started UserTest in 1.241 seconds (process running for 9.472)
2024-02-14T10:59:55.293+01:00  WARN 61227 --- [           main] actStandardFragmentInsertionTagProcessor : [THYMELEAF][main][user/update] Deprecated unwrapped fragment expression "fragments/general.html :: head(${title})" found in template user/update, line 5, col 7. Please use the complete syntax of fragment expressions instead ("~{fragments/general.html :: head(${title})}"). The old, unwrapped syntax for fragment expressions will be removed in future versions of Thymeleaf.
]]></system-out>
  </testcase>
  <testcase name="userDeleteTest" classname="com.nnk.springboot.unit.UserTest" time="0.011"/>
  <testcase name="userDeleteErrorTest" classname="com.nnk.springboot.unit.UserTest" time="0.006"/>
  <testcase name="userUpdateValidatorTest" classname="com.nnk.springboot.unit.UserTest" time="0.069"/>
  <testcase name="userAddTest" classname="com.nnk.springboot.unit.UserTest" time="0.011">
    <system-out><![CDATA[2024-02-14T10:59:55.444+01:00  WARN 61227 --- [           main] actStandardFragmentInsertionTagProcessor : [THYMELEAF][main][user/add] Deprecated unwrapped fragment expression "fragments/general.html :: head(${title})" found in template user/add, line 5, col 7. Please use the complete syntax of fragment expressions instead ("~{fragments/general.html :: head(${title})}"). The old, unwrapped syntax for fragment expressions will be removed in future versions of Thymeleaf.
]]></system-out>
  </testcase>
  <testcase name="userValidateTest" classname="com.nnk.springboot.unit.UserTest" time="0.059"/>
  <testcase name="userValidateErrorTest" classname="com.nnk.springboot.unit.UserTest" time="0.008">
    <system-out><![CDATA[2024-02-14T10:59:55.514+01:00  WARN 61227 --- [           main] actStandardFragmentInsertionTagProcessor : [THYMELEAF][main][user/add] Deprecated unwrapped fragment expression "fragments/general.html :: head(${title})" found in template user/add, line 5, col 7. Please use the complete syntax of fragment expressions instead ("~{fragments/general.html :: head(${title})}"). The old, unwrapped syntax for fragment expressions will be removed in future versions of Thymeleaf.
]]></system-out>
  </testcase>
  <testcase name="userUpdateTest" classname="com.nnk.springboot.unit.UserTest" time="0.007">
    <system-out><![CDATA[2024-02-14T10:59:55.524+01:00  WARN 61227 --- [           main] actStandardFragmentInsertionTagProcessor : [THYMELEAF][main][user/update] Deprecated unwrapped fragment expression "fragments/general.html :: head(${title})" found in template user/update, line 5, col 7. Please use the complete syntax of fragment expressions instead ("~{fragments/general.html :: head(${title})}"). The old, unwrapped syntax for fragment expressions will be removed in future versions of Thymeleaf.
]]></system-out>
  </testcase>
  <testcase name="userListTest" classname="com.nnk.springboot.unit.UserTest" time="0.012">
    <system-out><![CDATA[2024-02-14T10:59:55.535+01:00  WARN 61227 --- [           main] actStandardFragmentInsertionTagProcessor : [THYMELEAF][main][user/list] Deprecated unwrapped fragment expression "fragments/general.html :: head(${title})" found in template user/list, line 5, col 7. Please use the complete syntax of fragment expressions instead ("~{fragments/general.html :: head(${title})}"). The old, unwrapped syntax for fragment expressions will be removed in future versions of Thymeleaf.
]]></system-out>
  </testcase>
  <testcase name="userUpdateFindUserErrorTest" classname="com.nnk.springboot.unit.UserTest" time="0.004"/>
</testsuite>